TN:
SF:config.js
FNF:0
FNH:0
DA:1,1
DA:2,1
DA:3,1
DA:4,1
DA:5,1
LF:5
LH:5
BRF:0
BRH:0
end_of_record
TN:
SF:src/App.jsx
FN:9,App
FN:38,buscarClima
FN:71,oo_cm
FN:71,oo_oo
FN:71,oo_tr
FN:71,oo_ts
FN:71,oo_te
FNF:7
FNH:7
FNDA:4,App
FNDA:1,buscarClima
FNDA:1,oo_cm
FNDA:1,oo_oo
FNDA:1,oo_tr
FNDA:1,oo_ts
FNDA:1,oo_te
DA:1,1
DA:2,1
DA:3,1
DA:4,1
DA:5,1
DA:6,1
DA:7,1
DA:8,1
DA:9,4
DA:10,4
DA:11,4
DA:12,4
DA:13,4
DA:14,4
DA:15,4
DA:16,1
DA:17,1
DA:18,1
DA:19,1
DA:20,1
DA:21,1
DA:22,1
DA:23,1
DA:24,1
DA:25,1
DA:26,1
DA:27,1
DA:28,1
DA:29,1
DA:30,1
DA:31,1
DA:32,1
DA:33,1
DA:34,1
DA:35,1
DA:36,4
DA:37,4
DA:38,4
DA:39,1
DA:40,1
DA:41,1
DA:42,1
DA:43,1
DA:44,1
DA:45,1
DA:46,1
DA:47,1
DA:48,1
DA:49,1
DA:50,1
DA:51,1
DA:52,1
DA:53,4
DA:54,4
DA:55,4
DA:56,4
DA:57,4
DA:58,4
DA:59,4
DA:60,4
DA:61,4
DA:62,4
DA:63,1
DA:64,1
DA:65,1
DA:66,1
DA:67,1
DA:68,1
DA:69,1
DA:70,1
DA:71,1
LF:71
LH:71
BRDA:9,0,0,4
BRDA:58,1,0,1
BRDA:59,2,0,0
BRDA:15,3,0,1
BRDA:16,4,0,1
BRDA:38,5,0,1
BRDA:71,6,0,1
BRDA:71,7,0,1
BRDA:71,8,0,1
BRDA:71,9,0,1
BRDA:71,10,0,1
BRF:11
BRH:10
end_of_record
TN:
SF:src/AppStyles.js
FNF:0
FNH:0
DA:1,1
DA:2,1
DA:3,1
DA:4,1
DA:5,1
DA:6,1
LF:6
LH:6
BRF:0
BRH:0
end_of_record
TN:
SF:src/components/Busca.jsx
FN:3,Busca
FN:9,onChange
FNF:2
FNH:2
FNDA:3,Busca
FNDA:1,onChange
DA:1,1
DA:2,1
DA:3,1
DA:4,3
DA:5,3
DA:6,3
DA:7,3
DA:8,3
DA:9,3
DA:10,3
DA:11,3
DA:12,3
DA:13,3
DA:14,3
DA:15,3
DA:16,1
DA:17,1
DA:18,1
DA:19,1
DA:20,1
DA:21,1
DA:22,1
LF:22
LH:22
BRDA:3,0,0,3
BRDA:9,1,0,1
BRF:2
BRH:2
end_of_record
TN:
SF:src/components/ClimaAtual.jsx
FN:4,ClimaAtual
FNF:1
FNH:1
FNDA:3,ClimaAtual
DA:1,1
DA:2,1
DA:3,1
DA:4,1
DA:5,3
DA:6,3
DA:7,3
DA:8,3
DA:9,1
DA:10,1
DA:11,1
DA:12,1
DA:13,3
DA:14,3
DA:15,3
DA:16,1
DA:17,3
DA:18,3
DA:19,3
DA:20,3
DA:21,1
DA:22,1
DA:23,1
DA:24,1
DA:25,1
DA:26,1
DA:27,1
DA:28,1
DA:29,1
DA:30,1
DA:31,1
DA:32,1
DA:33,1
DA:34,1
DA:35,1
DA:36,1
DA:37,1
DA:38,1
DA:39,1
LF:39
LH:39
BRDA:4,0,0,3
BRDA:8,1,0,1
BRDA:8,2,0,1
BRDA:14,3,0,1
BRDA:15,4,0,1
BRDA:15,5,0,1
BRF:6
BRH:6
end_of_record
TN:
SF:src/components/Previsao.jsx
FN:4,Previsao
FNF:1
FNH:1
FNDA:2,Previsao
DA:1,1
DA:2,1
DA:3,1
DA:4,1
DA:5,2
DA:6,2
DA:7,2
DA:8,2
DA:9,2
DA:10,1
DA:11,1
DA:12,1
DA:13,1
DA:14,1
DA:15,1
DA:16,1
DA:17,2
DA:18,2
DA:19,2
DA:20,2
DA:21,2
DA:22,1
DA:23,1
DA:24,1
DA:25,1
DA:26,1
DA:27,1
DA:28,1
DA:29,1
DA:30,1
DA:31,1
DA:32,1
DA:33,1
DA:34,1
DA:35,1
DA:36,1
DA:37,1
DA:38,1
DA:39,1
DA:40,1
LF:40
LH:40
BRDA:4,0,0,2
BRDA:9,1,0,1
BRF:2
BRH:2
end_of_record
